2025-12-19 19:46:17 INFO  BaseClass - Entering username and password...
2025-12-19 19:46:18 INFO  BaseClass - Click on Login Button...
2025-12-19 19:48:24 INFO  BaseClass - Entering username and password...
2025-12-19 19:48:24 INFO  BaseClass - Click on Login Button...
2025-12-19 19:48:24 INFO  BaseClass - User is on My Properties Page...
2025-12-19 20:09:55 INFO  BaseClass - Entering username and password...
2025-12-19 20:09:55 INFO  BaseClass - Click on Login Button...
2025-12-19 20:09:55 INFO  BaseClass - User is on My Properties Page...
2025-12-20 11:53:05 INFO  BaseClass - Entering username and password...
2025-12-20 11:53:05 INFO  BaseClass - Click on Login Button...
2025-12-20 11:53:05 INFO  BaseClass - User is on My Properties Page...
2025-12-20 15:09:34 INFO  BaseClass - Entering username and password...
2025-12-20 15:09:34 INFO  BaseClass - Click on Login Button...
2025-12-20 15:09:34 INFO  BaseClass - User is on My Properties Page...
2025-12-20 15:11:19 INFO  BaseClass - Entering username and password...
2025-12-20 15:11:19 INFO  BaseClass - Click on Login Button...
2025-12-20 15:11:19 INFO  BaseClass - User is on My Properties Page...
2025-12-20 15:43:51 INFO  BaseClass - Entering username and password...
2025-12-20 15:43:52 INFO  BaseClass - Click on Login Button...
2025-12-20 15:43:52 INFO  BaseClass - User is on My Properties Page...
2025-12-20 17:19:01 INFO  BaseClass - Entering username and password...
2025-12-20 17:19:01 INFO  BaseClass - Click on Login Button...
2025-12-20 17:19:01 INFO  BaseClass - User is on My Properties Page...
2025-12-20 18:01:12 INFO  BaseClass - Entering username and password...
2025-12-20 18:01:12 INFO  BaseClass - Click on Login Button...
2025-12-20 18:01:13 INFO  BaseClass - User is on My Properties Page...
2025-12-20 18:04:39 INFO  BaseClass - Entering username and password...
2025-12-20 18:04:39 INFO  BaseClass - Click on Login Button...
2025-12-20 18:04:39 INFO  BaseClass - User is on My Properties Page...
2025-12-20 18:31:36 INFO  BaseClass - Entering username and password...
2025-12-20 18:31:37 INFO  BaseClass - Click on Login Button...
2025-12-20 18:31:37 INFO  BaseClass - User is on My Properties Page...
2025-12-20 18:32:00 INFO  BaseClass - User is on My Properties Page...
2025-12-20 18:32:15 INFO  BaseClass - Entering username and password...
2025-12-20 18:32:15 INFO  BaseClass - Click on Login Button...
2025-12-20 18:32:15 INFO  BaseClass - User is on My Properties Page...
2025-12-20 18:33:59 INFO  BaseClass - User is on My Properties Page...
2025-12-20 18:34:13 INFO  BaseClass - Entering username and password...
2025-12-20 18:34:14 INFO  BaseClass - Click on Login Button...
2025-12-20 18:34:14 INFO  BaseClass - User is on My Properties Page...
2025-12-20 18:37:30 INFO  BaseClass - User is on My Properties Page...
2025-12-20 18:37:47 INFO  BaseClass - Entering username and password...
2025-12-20 18:37:47 INFO  BaseClass - Click on Login Button...
2025-12-20 18:37:47 INFO  BaseClass - User is on My Properties Page...
2025-12-22 17:23:18 INFO  BaseClass - User selects Property...
2025-12-22 18:52:40 INFO  BaseClass - Entering username and password...
2025-12-22 18:52:41 INFO  BaseClass - Click on Login Button...
2025-12-22 18:52:41 INFO  BaseClass - User is on My Properties Page...
2025-12-22 18:56:07 INFO  BaseClass - Entering username and password...
2025-12-22 18:56:07 INFO  BaseClass - Click on Login Button...
2025-12-22 18:56:07 INFO  BaseClass - User is on My Properties Page...
2025-12-22 18:57:38 INFO  BaseClass - Entering username and password...
2025-12-22 18:57:38 INFO  BaseClass - Click on Login Button...
2025-12-22 18:57:38 INFO  BaseClass - User is on My Properties Page...
2025-12-22 19:00:24 INFO  BaseClass - Entering username and password...
2025-12-22 19:00:24 INFO  BaseClass - Click on Login Button...
2025-12-22 19:00:24 INFO  BaseClass - User is on My Properties Page...
2025-12-22 19:02:52 INFO  BaseClass - Entering username and password...
2025-12-22 19:02:52 INFO  BaseClass - Click on Login Button...
2025-12-22 19:02:52 INFO  BaseClass - User is on My Properties Page...
2025-12-22 19:04:41 INFO  BaseClass - Entering username and password...
2025-12-22 19:04:42 INFO  BaseClass - Click on Login Button...
2025-12-22 19:04:42 INFO  BaseClass - User is on My Properties Page...
2025-12-22 19:05:48 INFO  BaseClass - Entering username and password...
2025-12-22 19:05:48 INFO  BaseClass - Click on Login Button...
2025-12-22 19:05:48 INFO  BaseClass - User is on My Properties Page...
2025-12-22 19:07:04 INFO  BaseClass - Entering username and password...
2025-12-22 19:07:04 INFO  BaseClass - Click on Login Button...
2025-12-22 19:07:04 INFO  BaseClass - User is on My Properties Page...
2025-12-22 19:10:05 INFO  BaseClass - Entering username and password...
2025-12-22 19:10:05 INFO  BaseClass - Click on Login Button...
2025-12-22 19:10:05 INFO  BaseClass - User is on My Properties Page...
2025-12-22 19:10:37 INFO  BaseClass - Entering username and password...
2025-12-22 19:10:37 INFO  BaseClass - Click on Login Button...
2025-12-22 19:10:37 INFO  BaseClass - User is on My Properties Page...
2025-12-22 19:13:23 INFO  BaseClass - Entering username and password...
2025-12-22 19:13:23 INFO  BaseClass - Click on Login Button...
2025-12-22 19:13:23 INFO  BaseClass - User is on My Properties Page...
2025-12-22 19:14:54 INFO  BaseClass - Entering username and password...
2025-12-22 19:14:54 INFO  BaseClass - Click on Login Button...
2025-12-22 19:14:54 INFO  BaseClass - User is on My Properties Page...
2025-12-22 19:15:25 INFO  BaseClass - Entering username and password...
2025-12-22 19:15:25 INFO  BaseClass - Click on Login Button...
2025-12-22 19:15:25 INFO  BaseClass - User is on My Properties Page...
2025-12-22 19:16:35 INFO  BaseClass - Entering username and password...
2025-12-22 19:16:35 INFO  BaseClass - Click on Login Button...
2025-12-22 19:16:35 INFO  BaseClass - User is on My Properties Page...
2025-12-22 19:59:31 INFO  BaseClass - Entering username and password...
2025-12-22 19:59:31 INFO  BaseClass - Click on Login Button...
2025-12-22 19:59:31 INFO  BaseClass - User is on My Properties Page...
2025-12-24 12:03:23 INFO  BaseClass - Entering username and password...
2025-12-24 12:03:24 INFO  BaseClass - Click on Login Button...
2025-12-24 12:08:00 INFO  BaseClass - Entering username and password...
2025-12-24 12:08:00 INFO  BaseClass - Click on Login Button...
2025-12-24 12:09:16 INFO  BaseClass - Entering username and password...
2025-12-24 12:09:16 INFO  BaseClass - Click on Login Button...
2025-12-24 12:12:25 INFO  BaseClass - Entering username and password...
2025-12-24 12:12:25 INFO  BaseClass - Click on Login Button...
2025-12-24 12:12:30 INFO  BaseClass - Entering username and password...
2025-12-24 12:12:30 INFO  BaseClass - Click on Login Button...
2025-12-24 12:12:30 INFO  BaseClass - User is on My Properties Page...
2025-12-24 16:21:15 INFO  BaseClass - Userr is on Login Page...
2025-12-24 16:21:15 INFO  BaseClass - Entering username and password...
2025-12-24 16:21:16 INFO  BaseClass - Click on Login Button...
2025-12-24 16:21:17 INFO  BaseClass - User is on My Properties Page...
2025-12-24 16:21:25 INFO  BaseClass - Userr is on Login Page...
2025-12-24 16:21:25 INFO  BaseClass - Entering username and password...
2025-12-24 16:21:25 INFO  BaseClass - Click on Login Button...
2025-12-24 16:21:25 INFO  BaseClass - User is on My Properties Page...
2025-12-24 16:21:26 INFO  BaseClass - User is on My Properties Page...
2025-12-24 16:37:43 INFO  BaseClass - Userr is on Login Page...
2025-12-24 16:37:43 INFO  BaseClass - Entering username and password...
2025-12-24 16:37:44 INFO  BaseClass - Click on Login Button...
2025-12-24 16:37:44 INFO  BaseClass - User is on My Properties Page...
2025-12-24 16:37:50 INFO  BaseClass - Userr is on Login Page...
2025-12-24 16:37:50 INFO  BaseClass - Entering username and password...
2025-12-24 16:37:50 INFO  BaseClass - Click on Login Button...
2025-12-24 16:37:50 INFO  BaseClass - User is on My Properties Page...
2025-12-24 16:37:51 INFO  BaseClass - User is on My Properties Page...
2025-12-24 16:46:02 INFO  BaseClass - Userr is on Login Page...
2025-12-24 16:46:02 INFO  BaseClass - Entering username and password...
2025-12-24 16:46:02 INFO  BaseClass - Click on Login Button...
2025-12-24 16:46:03 INFO  BaseClass - User is on My Properties Page...
2025-12-24 16:46:09 INFO  BaseClass - Userr is on Login Page...
2025-12-24 16:46:10 INFO  BaseClass - Entering username and password...
2025-12-24 16:46:10 INFO  BaseClass - Click on Login Button...
2025-12-24 16:46:10 INFO  BaseClass - User is on My Properties Page...
2025-12-24 16:46:11 INFO  BaseClass - User is on My Properties Page...
2025-12-24 17:01:44 INFO  BaseClass - Userr is on Login Page...
2025-12-24 17:01:44 INFO  BaseClass - Entering username and password...
2025-12-24 17:01:44 INFO  BaseClass - Click on Login Button...
2025-12-24 17:01:44 INFO  BaseClass - User is on My Properties Page...
2025-12-24 17:01:51 INFO  BaseClass - Userr is on Login Page...
2025-12-24 17:01:51 INFO  BaseClass - Entering username and password...
2025-12-24 17:01:51 INFO  BaseClass - Click on Login Button...
2025-12-24 17:01:51 INFO  BaseClass - User is on My Properties Page...
2025-12-24 17:01:52 INFO  BaseClass - User is on My Properties Page...
